02-May-2019 11:58:13.271 INFO [main] org.apache.catalina.startup.VersionLoggerListener.log Server version name:   Apache Tomcat/9.0.19
02-May-2019 11:58:13.275 INFO [main] org.apache.catalina.startup.VersionLoggerListener.log Server built:          Apr 12 2019 14:22:48 UTC
02-May-2019 11:58:13.275 INFO [main] org.apache.catalina.startup.VersionLoggerListener.log Server version number: 9.0.19.0
02-May-2019 11:58:13.276 INFO [main] org.apache.catalina.startup.VersionLoggerListener.log OS Name:               Windows 8.1
02-May-2019 11:58:13.276 INFO [main] org.apache.catalina.startup.VersionLoggerListener.log OS Version:            6.3
02-May-2019 11:58:13.277 INFO [main] org.apache.catalina.startup.VersionLoggerListener.log Architecture:          amd64
02-May-2019 11:58:13.277 INFO [main] org.apache.catalina.startup.VersionLoggerListener.log Java Home:             C:\Program Files\Java\jdk-11.0.2
02-May-2019 11:58:13.278 INFO [main] org.apache.catalina.startup.VersionLoggerListener.log JVM Version:           11.0.2+9-LTS
02-May-2019 11:58:13.279 INFO [main] org.apache.catalina.startup.VersionLoggerListener.log JVM Vendor:            Oracle Corporation
02-May-2019 11:58:13.279 INFO [main] org.apache.catalina.startup.VersionLoggerListener.log CATALINA_BASE:         C:\Users\Ruwan\Desktop\Assignments to do\DS - REST API Assignment 2 - MAY 11\apache-tomcat-9.0.19
02-May-2019 11:58:13.280 INFO [main] org.apache.catalina.startup.VersionLoggerListener.log CATALINA_HOME:         C:\Users\Ruwan\Desktop\Assignments to do\DS - REST API Assignment 2 - MAY 11\apache-tomcat-9.0.19
02-May-2019 11:58:13.283 INFO [main] org.apache.catalina.startup.VersionLoggerListener.log Command line argument: --add-opens=java.base/java.lang=ALL-UNNAMED
02-May-2019 11:58:13.284 INFO [main] org.apache.catalina.startup.VersionLoggerListener.log Command line argument: --add-opens=java.base/java.io=ALL-UNNAMED
02-May-2019 11:58:13.284 INFO [main] org.apache.catalina.startup.VersionLoggerListener.log Command line argument: --add-opens=java.rmi/sun.rmi.transport=ALL-UNNAMED
02-May-2019 11:58:13.285 INFO [main] org.apache.catalina.startup.VersionLoggerListener.log Command line argument: -Djava.util.logging.config.file=C:\Users\Ruwan\Desktop\Assignments to do\DS - REST API Assignment 2 - MAY 11\apache-tomcat-9.0.19\conf\logging.properties
02-May-2019 11:58:13.285 INFO [main] org.apache.catalina.startup.VersionLoggerListener.log Command line argument: -Djava.util.logging.manager=org.apache.juli.ClassLoaderLogManager
02-May-2019 11:58:13.286 INFO [main] org.apache.catalina.startup.VersionLoggerListener.log Command line argument: -Djdk.tls.ephemeralDHKeySize=2048
02-May-2019 11:58:13.287 INFO [main] org.apache.catalina.startup.VersionLoggerListener.log Command line argument: -Djava.protocol.handler.pkgs=org.apache.catalina.webresources
02-May-2019 11:58:13.288 INFO [main] org.apache.catalina.startup.VersionLoggerListener.log Command line argument: -Dignore.endorsed.dirs=
02-May-2019 11:58:13.288 INFO [main] org.apache.catalina.startup.VersionLoggerListener.log Command line argument: -Dcatalina.base=C:\Users\Ruwan\Desktop\Assignments to do\DS - REST API Assignment 2 - MAY 11\apache-tomcat-9.0.19
02-May-2019 11:58:13.289 INFO [main] org.apache.catalina.startup.VersionLoggerListener.log Command line argument: -Dcatalina.home=C:\Users\Ruwan\Desktop\Assignments to do\DS - REST API Assignment 2 - MAY 11\apache-tomcat-9.0.19
02-May-2019 11:58:13.290 INFO [main] org.apache.catalina.startup.VersionLoggerListener.log Command line argument: -Djava.io.tmpdir=C:\Users\Ruwan\Desktop\Assignments to do\DS - REST API Assignment 2 - MAY 11\apache-tomcat-9.0.19\temp
02-May-2019 11:58:13.291 INFO [main] org.apache.catalina.core.AprLifecycleListener.lifecycleEvent Loaded APR based Apache Tomcat Native library [1.2.21] using APR version [1.6.5].
02-May-2019 11:58:13.292 INFO [main] org.apache.catalina.core.AprLifecycleListener.lifecycleEvent APR capabilities: IPv6 [true], sendfile [true], accept filters [false], random [true].
02-May-2019 11:58:13.293 INFO [main] org.apache.catalina.core.AprLifecycleListener.lifecycleEvent APR/OpenSSL configuration: useAprConnector [false], useOpenSSL [true]
02-May-2019 11:58:13.299 INFO [main] org.apache.catalina.core.AprLifecycleListener.initializeSSL OpenSSL successfully initialized [OpenSSL 1.1.1a  20 Nov 2018]
02-May-2019 11:58:13.431 INFO [main] org.apache.coyote.AbstractProtocol.init Initializing ProtocolHandler ["http-nio-8080"]
02-May-2019 11:58:13.661 INFO [main] org.apache.coyote.AbstractProtocol.init Initializing ProtocolHandler ["ajp-nio-8009"]
02-May-2019 11:58:13.667 INFO [main] org.apache.catalina.startup.Catalina.load Server initialization in [2,054] milliseconds
02-May-2019 11:58:13.767 INFO [main] org.apache.catalina.core.StandardService.startInternal Starting service [Catalina]
02-May-2019 11:58:13.768 INFO [main] org.apache.catalina.core.StandardEngine.startInternal Starting Servlet engine: [Apache Tomcat/9.0.19]
02-May-2019 11:58:13.794 INFO [main] org.apache.catalina.startup.HostConfig.deployDirectory Deploying web application directory [C:\Users\Ruwan\Desktop\Assignments to do\DS - REST API Assignment 2 - MAY 11\apache-tomcat-9.0.19\webapps\docs]
02-May-2019 11:58:14.275 INFO [main] org.apache.catalina.startup.HostConfig.deployDirectory Deployment of web application directory [C:\Users\Ruwan\Desktop\Assignments to do\DS - REST API Assignment 2 - MAY 11\apache-tomcat-9.0.19\webapps\docs] has finished in [481] ms
02-May-2019 11:58:14.276 INFO [main] org.apache.catalina.startup.HostConfig.deployDirectory Deploying web application directory [C:\Users\Ruwan\Desktop\Assignments to do\DS - REST API Assignment 2 - MAY 11\apache-tomcat-9.0.19\webapps\examples]
02-May-2019 11:58:15.114 INFO [main] org.apache.catalina.startup.HostConfig.deployDirectory Deployment of web application directory [C:\Users\Ruwan\Desktop\Assignments to do\DS - REST API Assignment 2 - MAY 11\apache-tomcat-9.0.19\webapps\examples] has finished in [838] ms
02-May-2019 11:58:15.116 INFO [main] org.apache.catalina.startup.HostConfig.deployDirectory Deploying web application directory [C:\Users\Ruwan\Desktop\Assignments to do\DS - REST API Assignment 2 - MAY 11\apache-tomcat-9.0.19\webapps\host-manager]
02-May-2019 11:58:15.192 INFO [main] org.apache.catalina.startup.HostConfig.deployDirectory Deployment of web application directory [C:\Users\Ruwan\Desktop\Assignments to do\DS - REST API Assignment 2 - MAY 11\apache-tomcat-9.0.19\webapps\host-manager] has finished in [76] ms
02-May-2019 11:58:15.194 INFO [main] org.apache.catalina.startup.HostConfig.deployDirectory Deploying web application directory [C:\Users\Ruwan\Desktop\Assignments to do\DS - REST API Assignment 2 - MAY 11\apache-tomcat-9.0.19\webapps\manager]
02-May-2019 11:58:15.259 INFO [main] org.apache.catalina.startup.HostConfig.deployDirectory Deployment of web application directory [C:\Users\Ruwan\Desktop\Assignments to do\DS - REST API Assignment 2 - MAY 11\apache-tomcat-9.0.19\webapps\manager] has finished in [66] ms
02-May-2019 11:58:15.261 INFO [main] org.apache.catalina.startup.HostConfig.deployDirectory Deploying web application directory [C:\Users\Ruwan\Desktop\Assignments to do\DS - REST API Assignment 2 - MAY 11\apache-tomcat-9.0.19\webapps\ROOT]
02-May-2019 11:58:15.307 INFO [main] org.apache.catalina.startup.HostConfig.deployDirectory Deployment of web application directory [C:\Users\Ruwan\Desktop\Assignments to do\DS - REST API Assignment 2 - MAY 11\apache-tomcat-9.0.19\webapps\ROOT] has finished in [46] ms
02-May-2019 11:58:15.312 INFO [main] org.apache.coyote.AbstractProtocol.start Starting ProtocolHandler ["http-nio-8080"]
02-May-2019 11:58:15.327 INFO [main] org.apache.coyote.AbstractProtocol.start Starting ProtocolHandler ["ajp-nio-8009"]
02-May-2019 11:58:15.331 INFO [main] org.apache.catalina.startup.Catalina.start Server startup in [1,663] milliseconds
02-May-2019 11:58:52.204 WARNING [http-nio-8080-exec-2] org.apache.catalina.realm.LockOutRealm.filterLockedAccounts An attempt was made to authenticate the locked user []
02-May-2019 12:01:45.443 INFO [Catalina-utility-1] org.apache.catalina.users.MemoryUserDatabase.backgroundProcess Reloading memory user database [UserDatabase] from updated source [file:/C:/Users/Ruwan/Desktop/Assignments%20to%20do/DS%20-%20REST%20API%20Assignment%202%20-%20MAY%2011/apache-tomcat-9.0.19/conf/tomcat-users.xml]
02-May-2019 20:56:30.343 INFO [Thread-4] org.apache.coyote.AbstractProtocol.pause Pausing ProtocolHandler ["http-nio-8080"]
02-May-2019 20:56:30.529 INFO [Thread-4] org.apache.coyote.AbstractProtocol.pause Pausing ProtocolHandler ["ajp-nio-8009"]
02-May-2019 20:56:30.641 INFO [Thread-4] org.apache.catalina.core.StandardService.stopInternal Stopping service [Catalina]
02-May-2019 20:56:30.881 INFO [Thread-4] org.apache.coyote.AbstractProtocol.stop Stopping ProtocolHandler ["http-nio-8080"]
02-May-2019 20:56:30.887 INFO [Thread-4] org.apache.coyote.AbstractProtocol.stop Stopping ProtocolHandler ["ajp-nio-8009"]
02-May-2019 20:56:30.895 INFO [Thread-4] org.apache.coyote.AbstractProtocol.destroy Destroying ProtocolHandler ["http-nio-8080"]
02-May-2019 20:56:30.897 INFO [Thread-4] org.apache.coyote.AbstractProtocol.destroy Destroying ProtocolHandler ["ajp-nio-8009"]
02-May-2019 20:56:34.883 INFO [main] org.apache.catalina.startup.VersionLoggerListener.log Server version name:   Apache Tomcat/9.0.19
02-May-2019 20:56:34.890 INFO [main] org.apache.catalina.startup.VersionLoggerListener.log Server built:          Apr 12 2019 14:22:48 UTC
02-May-2019 20:56:34.892 INFO [main] org.apache.catalina.startup.VersionLoggerListener.log Server version number: 9.0.19.0
02-May-2019 20:56:34.896 INFO [main] org.apache.catalina.startup.VersionLoggerListener.log OS Name:               Windows 8.1
02-May-2019 20:56:34.897 INFO [main] org.apache.catalina.startup.VersionLoggerListener.log OS Version:            6.3
02-May-2019 20:56:34.898 INFO [main] org.apache.catalina.startup.VersionLoggerListener.log Architecture:          amd64
02-May-2019 20:56:34.899 INFO [main] org.apache.catalina.startup.VersionLoggerListener.log Java Home:             C:\Program Files\Java\jdk-11.0.2
02-May-2019 20:56:34.900 INFO [main] org.apache.catalina.startup.VersionLoggerListener.log JVM Version:           11.0.2+9-LTS
02-May-2019 20:56:34.901 INFO [main] org.apache.catalina.startup.VersionLoggerListener.log JVM Vendor:            Oracle Corporation
02-May-2019 20:56:34.901 INFO [main] org.apache.catalina.startup.VersionLoggerListener.log CATALINA_BASE:         C:\Users\Ruwan\Desktop\Assignments to do\DS - REST API Assignment 2 - MAY 11\apache-tomcat-9.0.19
02-May-2019 20:56:34.902 INFO [main] org.apache.catalina.startup.VersionLoggerListener.log CATALINA_HOME:         C:\Users\Ruwan\Desktop\Assignments to do\DS - REST API Assignment 2 - MAY 11\apache-tomcat-9.0.19
02-May-2019 20:56:34.903 INFO [main] org.apache.catalina.startup.VersionLoggerListener.log Command line argument: --add-opens=java.base/java.lang=ALL-UNNAMED
02-May-2019 20:56:34.904 INFO [main] org.apache.catalina.startup.VersionLoggerListener.log Command line argument: --add-opens=java.base/java.io=ALL-UNNAMED
02-May-2019 20:56:34.905 INFO [main] org.apache.catalina.startup.VersionLoggerListener.log Command line argument: --add-opens=java.rmi/sun.rmi.transport=ALL-UNNAMED
02-May-2019 20:56:34.906 INFO [main] org.apache.catalina.startup.VersionLoggerListener.log Command line argument: -Djava.util.logging.config.file=C:\Users\Ruwan\Desktop\Assignments to do\DS - REST API Assignment 2 - MAY 11\apache-tomcat-9.0.19\conf\logging.properties
02-May-2019 20:56:34.907 INFO [main] org.apache.catalina.startup.VersionLoggerListener.log Command line argument: -Djava.util.logging.manager=org.apache.juli.ClassLoaderLogManager
02-May-2019 20:56:34.908 INFO [main] org.apache.catalina.startup.VersionLoggerListener.log Command line argument: -Djdk.tls.ephemeralDHKeySize=2048
02-May-2019 20:56:34.912 INFO [main] org.apache.catalina.startup.VersionLoggerListener.log Command line argument: -Djava.protocol.handler.pkgs=org.apache.catalina.webresources
02-May-2019 20:56:34.913 INFO [main] org.apache.catalina.startup.VersionLoggerListener.log Command line argument: -Dignore.endorsed.dirs=
02-May-2019 20:56:34.913 INFO [main] org.apache.catalina.startup.VersionLoggerListener.log Command line argument: -Dcatalina.base=C:\Users\Ruwan\Desktop\Assignments to do\DS - REST API Assignment 2 - MAY 11\apache-tomcat-9.0.19
02-May-2019 20:56:34.915 INFO [main] org.apache.catalina.startup.VersionLoggerListener.log Command line argument: -Dcatalina.home=C:\Users\Ruwan\Desktop\Assignments to do\DS - REST API Assignment 2 - MAY 11\apache-tomcat-9.0.19
02-May-2019 20:56:34.915 INFO [main] org.apache.catalina.startup.VersionLoggerListener.log Command line argument: -Djava.io.tmpdir=C:\Users\Ruwan\Desktop\Assignments to do\DS - REST API Assignment 2 - MAY 11\apache-tomcat-9.0.19\temp
02-May-2019 20:56:34.917 INFO [main] org.apache.catalina.core.AprLifecycleListener.lifecycleEvent Loaded APR based Apache Tomcat Native library [1.2.21] using APR version [1.6.5].
02-May-2019 20:56:34.918 INFO [main] org.apache.catalina.core.AprLifecycleListener.lifecycleEvent APR capabilities: IPv6 [true], sendfile [true], accept filters [false], random [true].
02-May-2019 20:56:34.920 INFO [main] org.apache.catalina.core.AprLifecycleListener.lifecycleEvent APR/OpenSSL configuration: useAprConnector [false], useOpenSSL [true]
02-May-2019 20:56:34.926 INFO [main] org.apache.catalina.core.AprLifecycleListener.initializeSSL OpenSSL successfully initialized [OpenSSL 1.1.1a  20 Nov 2018]
02-May-2019 20:56:34.986 INFO [main] org.apache.coyote.AbstractProtocol.init Initializing ProtocolHandler ["http-nio-8080"]
02-May-2019 20:56:35.104 INFO [main] org.apache.coyote.AbstractProtocol.init Initializing ProtocolHandler ["ajp-nio-8009"]
02-May-2019 20:56:35.108 INFO [main] org.apache.catalina.startup.Catalina.load Server initialization in [804] milliseconds
02-May-2019 20:56:35.184 INFO [main] org.apache.catalina.core.StandardService.startInternal Starting service [Catalina]
02-May-2019 20:56:35.185 INFO [main] org.apache.catalina.core.StandardEngine.startInternal Starting Servlet engine: [Apache Tomcat/9.0.19]
02-May-2019 20:56:35.197 INFO [main] org.apache.catalina.startup.HostConfig.deployDirectory Deploying web application directory [C:\Users\Ruwan\Desktop\Assignments to do\DS - REST API Assignment 2 - MAY 11\apache-tomcat-9.0.19\webapps\docs]
02-May-2019 20:56:35.572 INFO [main] org.apache.catalina.startup.HostConfig.deployDirectory Deployment of web application directory [C:\Users\Ruwan\Desktop\Assignments to do\DS - REST API Assignment 2 - MAY 11\apache-tomcat-9.0.19\webapps\docs] has finished in [375] ms
02-May-2019 20:56:35.574 INFO [main] org.apache.catalina.startup.HostConfig.deployDirectory Deploying web application directory [C:\Users\Ruwan\Desktop\Assignments to do\DS - REST API Assignment 2 - MAY 11\apache-tomcat-9.0.19\webapps\examples]
02-May-2019 20:56:36.057 INFO [main] org.apache.catalina.startup.HostConfig.deployDirectory Deployment of web application directory [C:\Users\Ruwan\Desktop\Assignments to do\DS - REST API Assignment 2 - MAY 11\apache-tomcat-9.0.19\webapps\examples] has finished in [483] ms
02-May-2019 20:56:36.058 INFO [main] org.apache.catalina.startup.HostConfig.deployDirectory Deploying web application directory [C:\Users\Ruwan\Desktop\Assignments to do\DS - REST API Assignment 2 - MAY 11\apache-tomcat-9.0.19\webapps\host-manager]
02-May-2019 20:56:36.113 INFO [main] org.apache.catalina.startup.HostConfig.deployDirectory Deployment of web application directory [C:\Users\Ruwan\Desktop\Assignments to do\DS - REST API Assignment 2 - MAY 11\apache-tomcat-9.0.19\webapps\host-manager] has finished in [55] ms
02-May-2019 20:56:36.114 INFO [main] org.apache.catalina.startup.HostConfig.deployDirectory Deploying web application directory [C:\Users\Ruwan\Desktop\Assignments to do\DS - REST API Assignment 2 - MAY 11\apache-tomcat-9.0.19\webapps\manager]
02-May-2019 20:56:36.155 INFO [main] org.apache.catalina.startup.HostConfig.deployDirectory Deployment of web application directory [C:\Users\Ruwan\Desktop\Assignments to do\DS - REST API Assignment 2 - MAY 11\apache-tomcat-9.0.19\webapps\manager] has finished in [40] ms
02-May-2019 20:56:36.155 INFO [main] org.apache.catalina.startup.HostConfig.deployDirectory Deploying web application directory [C:\Users\Ruwan\Desktop\Assignments to do\DS - REST API Assignment 2 - MAY 11\apache-tomcat-9.0.19\webapps\ROOT]
02-May-2019 20:56:36.192 INFO [main] org.apache.catalina.startup.HostConfig.deployDirectory Deployment of web application directory [C:\Users\Ruwan\Desktop\Assignments to do\DS - REST API Assignment 2 - MAY 11\apache-tomcat-9.0.19\webapps\ROOT] has finished in [37] ms
02-May-2019 20:56:36.198 INFO [main] org.apache.coyote.AbstractProtocol.start Starting ProtocolHandler ["http-nio-8080"]
02-May-2019 20:56:36.212 INFO [main] org.apache.coyote.AbstractProtocol.start Starting ProtocolHandler ["ajp-nio-8009"]
02-May-2019 20:56:36.217 INFO [main] org.apache.catalina.startup.Catalina.start Server startup in [1,106] milliseconds
