09-May-2019 11:46:04.431 INFO [main] org.apache.catalina.core.ApplicationContext.log 2 Spring WebApplicationInitializers detected on classpath
09-May-2019 11:46:08.759 INFO [main] org.apache.catalina.core.ApplicationContext.log Initializing Spring embedded WebApplicationContext
09-May-2019 11:46:13.813 INFO [main] org.apache.catalina.core.ApplicationContext.log ContextListener: contextInitialized()
09-May-2019 11:46:13.814 INFO [main] org.apache.catalina.core.ApplicationContext.log SessionListener: contextInitialized()
09-May-2019 11:46:13.816 INFO [main] org.apache.catalina.core.ApplicationContext.log ContextListener: attributeAdded('StockTicker', 'async.Stockticker@12139db0')
09-May-2019 11:48:34.608 INFO [http-nio-8080-exec-6] org.apache.catalina.core.ApplicationContext.log Initializing Spring DispatcherServlet 'dispatcherServlet'
09-May-2019 17:40:46.217 INFO [http-nio-8080-exec-8] org.apache.catalina.core.ApplicationContext.log Destroying Spring FrameworkServlet 'dispatcherServlet'
09-May-2019 17:40:46.219 INFO [http-nio-8080-exec-8] org.apache.catalina.core.ApplicationContext.log Closing Spring root WebApplicationContext
09-May-2019 17:40:58.847 INFO [http-nio-8080-exec-10] org.apache.catalina.core.ApplicationContext.log 2 Spring WebApplicationInitializers detected on classpath
09-May-2019 17:41:02.003 INFO [http-nio-8080-exec-10] org.apache.catalina.core.ApplicationContext.log Initializing Spring embedded WebApplicationContext
09-May-2019 17:41:14.928 INFO [http-nio-8080-exec-6] org.apache.catalina.core.ApplicationContext.log Initializing Spring DispatcherServlet 'dispatcherServlet'
09-May-2019 17:44:35.252 INFO [http-nio-8080-exec-15] org.apache.catalina.core.ApplicationContext.log Destroying Spring FrameworkServlet 'dispatcherServlet'
09-May-2019 17:44:35.253 INFO [http-nio-8080-exec-15] org.apache.catalina.core.ApplicationContext.log Closing Spring root WebApplicationContext
09-May-2019 17:44:46.549 INFO [http-nio-8080-exec-13] org.apache.catalina.core.ApplicationContext.log 2 Spring WebApplicationInitializers detected on classpath
09-May-2019 17:44:49.678 INFO [http-nio-8080-exec-13] org.apache.catalina.core.ApplicationContext.log Initializing Spring embedded WebApplicationContext
09-May-2019 17:44:59.866 INFO [http-nio-8080-exec-14] org.apache.catalina.core.ApplicationContext.log Initializing Spring DispatcherServlet 'dispatcherServlet'
09-May-2019 19:47:57.758 INFO [http-nio-8080-exec-23] org.apache.catalina.core.ApplicationContext.log Destroying Spring FrameworkServlet 'dispatcherServlet'
09-May-2019 19:47:57.758 INFO [http-nio-8080-exec-23] org.apache.catalina.core.ApplicationContext.log Closing Spring root WebApplicationContext
09-May-2019 19:48:09.839 INFO [http-nio-8080-exec-30] org.apache.catalina.core.ApplicationContext.log 2 Spring WebApplicationInitializers detected on classpath
09-May-2019 19:48:13.186 INFO [http-nio-8080-exec-30] org.apache.catalina.core.ApplicationContext.log Initializing Spring embedded WebApplicationContext
09-May-2019 19:48:48.978 INFO [http-nio-8080-exec-22] org.apache.catalina.core.ApplicationContext.log Initializing Spring DispatcherServlet 'dispatcherServlet'
09-May-2019 23:48:13.669 INFO [Thread-6] org.apache.catalina.core.ApplicationContext.log Destroying Spring FrameworkServlet 'dispatcherServlet'
09-May-2019 23:48:13.670 INFO [Thread-6] org.apache.catalina.core.ApplicationContext.log Closing Spring root WebApplicationContext
09-May-2019 23:48:13.687 INFO [Thread-6] org.apache.catalina.core.ApplicationContext.log SessionListener: contextDestroyed()
09-May-2019 23:48:13.687 INFO [Thread-6] org.apache.catalina.core.ApplicationContext.log ContextListener: contextDestroyed()
