10-May-2019 07:51:06.074 INFO [main] org.apache.catalina.core.ApplicationContext.log 2 Spring WebApplicationInitializers detected on classpath
10-May-2019 07:51:13.334 INFO [main] org.apache.catalina.core.ApplicationContext.log Initializing Spring embedded WebApplicationContext
10-May-2019 07:51:18.742 INFO [main] org.apache.catalina.core.ApplicationContext.log ContextListener: contextInitialized()
10-May-2019 07:51:18.743 INFO [main] org.apache.catalina.core.ApplicationContext.log SessionListener: contextInitialized()
10-May-2019 07:51:18.745 INFO [main] org.apache.catalina.core.ApplicationContext.log ContextListener: attributeAdded('StockTicker', 'async.Stockticker@29514616')
10-May-2019 07:51:30.612 INFO [http-nio-8080-exec-4] org.apache.catalina.core.ApplicationContext.log Initializing Spring DispatcherServlet 'dispatcherServlet'
10-May-2019 09:01:09.380 INFO [http-nio-8080-exec-2] org.apache.catalina.core.ApplicationContext.log Destroying Spring FrameworkServlet 'dispatcherServlet'
10-May-2019 09:01:09.383 INFO [http-nio-8080-exec-2] org.apache.catalina.core.ApplicationContext.log Closing Spring root WebApplicationContext
10-May-2019 09:01:21.397 INFO [http-nio-8080-exec-6] org.apache.catalina.core.ApplicationContext.log 2 Spring WebApplicationInitializers detected on classpath
10-May-2019 09:01:24.841 INFO [http-nio-8080-exec-6] org.apache.catalina.core.ApplicationContext.log Initializing Spring embedded WebApplicationContext
10-May-2019 09:04:26.529 INFO [http-nio-8080-exec-11] org.apache.catalina.core.ApplicationContext.log Initializing Spring DispatcherServlet 'dispatcherServlet'
10-May-2019 10:18:24.960 INFO [http-nio-8080-exec-19] org.apache.catalina.core.ApplicationContext.log Destroying Spring FrameworkServlet 'dispatcherServlet'
10-May-2019 10:18:24.961 INFO [http-nio-8080-exec-19] org.apache.catalina.core.ApplicationContext.log Closing Spring root WebApplicationContext
10-May-2019 10:18:38.492 INFO [http-nio-8080-exec-13] org.apache.catalina.core.ApplicationContext.log 2 Spring WebApplicationInitializers detected on classpath
10-May-2019 10:18:42.013 INFO [http-nio-8080-exec-13] org.apache.catalina.core.ApplicationContext.log Initializing Spring embedded WebApplicationContext
10-May-2019 10:19:02.012 INFO [http-nio-8080-exec-15] org.apache.catalina.core.ApplicationContext.log Initializing Spring DispatcherServlet 'dispatcherServlet'
10-May-2019 10:34:22.520 INFO [http-nio-8080-exec-21] org.apache.catalina.core.ApplicationContext.log Destroying Spring FrameworkServlet 'dispatcherServlet'
10-May-2019 10:34:22.521 INFO [http-nio-8080-exec-21] org.apache.catalina.core.ApplicationContext.log Closing Spring root WebApplicationContext
10-May-2019 10:34:33.423 INFO [http-nio-8080-exec-29] org.apache.catalina.core.ApplicationContext.log 2 Spring WebApplicationInitializers detected on classpath
10-May-2019 10:34:36.626 INFO [http-nio-8080-exec-29] org.apache.catalina.core.ApplicationContext.log Initializing Spring embedded WebApplicationContext
10-May-2019 10:34:50.358 INFO [http-nio-8080-exec-22] org.apache.catalina.core.ApplicationContext.log Initializing Spring DispatcherServlet 'dispatcherServlet'
10-May-2019 10:42:58.793 INFO [http-nio-8080-exec-37] org.apache.catalina.core.ApplicationContext.log Destroying Spring FrameworkServlet 'dispatcherServlet'
10-May-2019 10:42:58.794 INFO [http-nio-8080-exec-37] org.apache.catalina.core.ApplicationContext.log Closing Spring root WebApplicationContext
10-May-2019 10:43:42.155 INFO [http-nio-8080-exec-38] org.apache.catalina.core.ApplicationContext.log 2 Spring WebApplicationInitializers detected on classpath
10-May-2019 10:43:45.389 INFO [http-nio-8080-exec-38] org.apache.catalina.core.ApplicationContext.log Initializing Spring embedded WebApplicationContext
10-May-2019 10:43:57.333 INFO [http-nio-8080-exec-33] org.apache.catalina.core.ApplicationContext.log Initializing Spring DispatcherServlet 'dispatcherServlet'
10-May-2019 17:44:28.760 INFO [http-nio-8080-exec-41] org.apache.catalina.core.ApplicationContext.log Destroying Spring FrameworkServlet 'dispatcherServlet'
10-May-2019 17:44:28.918 INFO [http-nio-8080-exec-41] org.apache.catalina.core.ApplicationContext.log Closing Spring root WebApplicationContext
10-May-2019 17:45:00.874 INFO [http-nio-8080-exec-44] org.apache.catalina.core.ApplicationContext.log 2 Spring WebApplicationInitializers detected on classpath
10-May-2019 17:45:10.302 INFO [http-nio-8080-exec-44] org.apache.catalina.core.ApplicationContext.log Initializing Spring embedded WebApplicationContext
10-May-2019 17:49:31.267 INFO [http-nio-8080-exec-57] org.apache.catalina.core.ApplicationContext.log 2 Spring WebApplicationInitializers detected on classpath
10-May-2019 17:49:37.120 INFO [http-nio-8080-exec-57] org.apache.catalina.core.ApplicationContext.log Initializing Spring embedded WebApplicationContext
10-May-2019 17:54:50.056 INFO [Thread-6] org.apache.catalina.core.ApplicationContext.log SessionListener: contextDestroyed()
10-May-2019 17:54:50.056 INFO [Thread-6] org.apache.catalina.core.ApplicationContext.log ContextListener: contextDestroyed()
10-May-2019 17:55:17.981 INFO [main] org.apache.catalina.core.ApplicationContext.log ContextListener: contextInitialized()
10-May-2019 17:55:17.981 INFO [main] org.apache.catalina.core.ApplicationContext.log SessionListener: contextInitialized()
10-May-2019 17:55:17.984 INFO [main] org.apache.catalina.core.ApplicationContext.log ContextListener: attributeAdded('StockTicker', 'async.Stockticker@24be2d9c')
10-May-2019 17:55:48.177 INFO [http-nio-8080-exec-3] org.apache.catalina.core.ApplicationContext.log 2 Spring WebApplicationInitializers detected on classpath
10-May-2019 17:55:52.664 INFO [http-nio-8080-exec-3] org.apache.catalina.core.ApplicationContext.log Initializing Spring embedded WebApplicationContext
10-May-2019 17:57:47.200 INFO [Thread-4] org.apache.catalina.core.ApplicationContext.log SessionListener: contextDestroyed()
10-May-2019 17:57:47.200 INFO [Thread-4] org.apache.catalina.core.ApplicationContext.log ContextListener: contextDestroyed()
